  ParsedMsg.cpp
E:\1\Jupiter_Ent\Engine\sdk\inc\ltbasedefs.h(154,2): warning C4996: 'strncpy': This function or variable may be unsafe. Consider using strncpy_s instead. To disable deprecation, use _CRT_SECURE_NO_WARNINGS. See online help for details.
E:\1\Jupiter_Ent\Engine\sdk\inc\ltbasedefs.h(184,2): warning C4996: 'wcsncpy': This function or variable may be unsafe. Consider using wcsncpy_s instead. To disable deprecation, use _CRT_SECURE_NO_WARNINGS. See online help for details.
E:\1\Jupiter_Ent\Engine\sdk\inc\ltbasedefs.h(207,3): warning C4996: 'strcpy': This function or variable may be unsafe. Consider using strcpy_s instead. To disable deprecation, use _CRT_SECURE_NO_WARNINGS. See online help for details.
E:\1\Jupiter_Ent\Engine\sdk\inc\ltbasedefs.h(230,3): warning C4996: 'wcscpy': This function or variable may be unsafe. Consider using wcscpy_s instead. To disable deprecation, use _CRT_SECURE_NO_WARNINGS. See online help for details.
E:\1\Jupiter_Ent\Engine\sdk\inc\ltbasedefs.h(259,2): warning C4996: 'strncpy': This function or variable may be unsafe. Consider using strncpy_s instead. To disable deprecation, use _CRT_SECURE_NO_WARNINGS. See online help for details.
E:\1\Jupiter_Ent\Engine\sdk\inc\ltbasedefs.h(282,2): warning C4996: 'strncat': This function or variable may be unsafe. Consider using strncat_s instead. To disable deprecation, use _CRT_SECURE_NO_WARNINGS. See online help for details.
E:\1\Jupiter_Ent\Engine\sdk\inc\ltbasedefs.h(310,2): warning C4996: 'wcsncat': This function or variable may be unsafe. Consider using wcsncat_s instead. To disable deprecation, use _CRT_SECURE_NO_WARNINGS. See online help for details.
E:\1\Jupiter_Ent\Engine\sdk\inc\ltbasedefs.h(335,2): warning C4996: 'strncat': This function or variable may be unsafe. Consider using strncat_s instead. To disable deprecation, use _CRT_SECURE_NO_WARNINGS. See online help for details.
E:\1\Jupiter_Ent\Engine\sdk\inc\ltbasedefs.h(403,3): warning C4996: '_vsnprintf': This function or variable may be unsafe. Consider using _vsnprintf_s instead. To disable deprecation, use _CRT_SECURE_NO_WARNINGS. See online help for details.
E:\1\Jupiter_Ent\Engine\clientfx\Shared\ParsedMsg.h(38,94): warning C4996: 'stricmp': The POSIX name for this item is deprecated. Instead, use the ISO C and C++ conformant name: _stricmp. See online help for details.
E:\1\Jupiter_Ent\Engine\clientfx\Shared\ParsedMsg.h(39,94): warning C4996: 'stricmp': The POSIX name for this item is deprecated. Instead, use the ISO C and C++ conformant name: _stricmp. See online help for details.
E:\1\Jupiter_Ent\Engine\clientfx\Shared\ParsedMsg.cpp(76,3): warning C4996: 'strncpy': This function or variable may be unsafe. Consider using strncpy_s instead. To disable deprecation, use _CRT_SECURE_NO_WARNINGS. See online help for details.
  iltbaseclass.cpp
E:\1\Jupiter_Ent\Engine\sdk\inc\ltbasedefs.h(154,2): warning C4996: 'strncpy': This function or variable may be unsafe. Consider using strncpy_s instead. To disable deprecation, use _CRT_SECURE_NO_WARNINGS. See online help for details.
E:\1\Jupiter_Ent\Engine\sdk\inc\ltbasedefs.h(184,2): warning C4996: 'wcsncpy': This function or variable may be unsafe. Consider using wcsncpy_s instead. To disable deprecation, use _CRT_SECURE_NO_WARNINGS. See online help for details.
E:\1\Jupiter_Ent\Engine\sdk\inc\ltbasedefs.h(207,3): warning C4996: 'strcpy': This function or variable may be unsafe. Consider using strcpy_s instead. To disable deprecation, use _CRT_SECURE_NO_WARNINGS. See online help for details.
E:\1\Jupiter_Ent\Engine\sdk\inc\ltbasedefs.h(230,3): warning C4996: 'wcscpy': This function or variable may be unsafe. Consider using wcscpy_s instead. To disable deprecation, use _CRT_SECURE_NO_WARNINGS. See online help for details.
E:\1\Jupiter_Ent\Engine\sdk\inc\ltbasedefs.h(259,2): warning C4996: 'strncpy': This function or variable may be unsafe. Consider using strncpy_s instead. To disable deprecation, use _CRT_SECURE_NO_WARNINGS. See online help for details.
E:\1\Jupiter_Ent\Engine\sdk\inc\ltbasedefs.h(282,2): warning C4996: 'strncat': This function or variable may be unsafe. Consider using strncat_s instead. To disable deprecation, use _CRT_SECURE_NO_WARNINGS. See online help for details.
E:\1\Jupiter_Ent\Engine\sdk\inc\ltbasedefs.h(310,2): warning C4996: 'wcsncat': This function or variable may be unsafe. Consider using wcsncat_s instead. To disable deprecation, use _CRT_SECURE_NO_WARNINGS. See online help for details.
E:\1\Jupiter_Ent\Engine\sdk\inc\ltbasedefs.h(335,2): warning C4996: 'strncat': This function or variable may be unsafe. Consider using strncat_s instead. To disable deprecation, use _CRT_SECURE_NO_WARNINGS. See online help for details.
E:\1\Jupiter_Ent\Engine\sdk\inc\ltbasedefs.h(403,3): warning C4996: '_vsnprintf': This function or variable may be unsafe. Consider using _vsnprintf_s instead. To disable deprecation, use _CRT_SECURE_NO_WARNINGS. See online help for details.
  ltengineobjects.cpp
E:\1\Jupiter_Ent\Engine\sdk\inc\ltbasedefs.h(154,2): warning C4996: 'strncpy': This function or variable may be unsafe. Consider using strncpy_s instead. To disable deprecation, use _CRT_SECURE_NO_WARNINGS. See online help for details.
E:\1\Jupiter_Ent\Engine\sdk\inc\ltbasedefs.h(184,2): warning C4996: 'wcsncpy': This function or variable may be unsafe. Consider using wcsncpy_s instead. To disable deprecation, use _CRT_SECURE_NO_WARNINGS. See online help for details.
E:\1\Jupiter_Ent\Engine\sdk\inc\ltbasedefs.h(207,3): warning C4996: 'strcpy': This function or variable may be unsafe. Consider using strcpy_s instead. To disable deprecation, use _CRT_SECURE_NO_WARNINGS. See online help for details.
E:\1\Jupiter_Ent\Engine\sdk\inc\ltbasedefs.h(230,3): warning C4996: 'wcscpy': This function or variable may be unsafe. Consider using wcscpy_s instead. To disable deprecation, use _CRT_SECURE_NO_WARNINGS. See online help for details.
E:\1\Jupiter_Ent\Engine\sdk\inc\ltbasedefs.h(259,2): warning C4996: 'strncpy': This function or variable may be unsafe. Consider using strncpy_s instead. To disable deprecation, use _CRT_SECURE_NO_WARNINGS. See online help for details.
E:\1\Jupiter_Ent\Engine\sdk\inc\ltbasedefs.h(282,2): warning C4996: 'strncat': This function or variable may be unsafe. Consider using strncat_s instead. To disable deprecation, use _CRT_SECURE_NO_WARNINGS. See online help for details.
E:\1\Jupiter_Ent\Engine\sdk\inc\ltbasedefs.h(310,2): warning C4996: 'wcsncat': This function or variable may be unsafe. Consider using wcsncat_s instead. To disable deprecation, use _CRT_SECURE_NO_WARNINGS. See online help for details.
E:\1\Jupiter_Ent\Engine\sdk\inc\ltbasedefs.h(335,2): warning C4996: 'strncat': This function or variable may be unsafe. Consider using strncat_s instead. To disable deprecation, use _CRT_SECURE_NO_WARNINGS. See online help for details.
E:\1\Jupiter_Ent\Engine\sdk\inc\ltbasedefs.h(403,3): warning C4996: '_vsnprintf': This function or variable may be unsafe. Consider using _vsnprintf_s instead. To disable deprecation, use _CRT_SECURE_NO_WARNINGS. See online help for details.
E:\1\Jupiter_Ent\Engine\sdk\inc\ltproperty.h(81,3): warning C4996: 'sprintf': This function or variable may be unsafe. Consider using sprintf_s instead. To disable deprecation, use _CRT_SECURE_NO_WARNINGS. See online help for details.
E:\1\Jupiter_Ent\Engine\sdk\inc\ltproperty.h(88,3): warning C4996: 'sscanf': This function or variable may be unsafe. Consider using sscanf_s instead. To disable deprecation, use _CRT_SECURE_NO_WARNINGS. See online help for details.
E:\1\Jupiter_Ent\Engine\sdk\inc\ltproperty.h(103,3): warning C4996: 'sprintf': This function or variable may be unsafe. Consider using sprintf_s instead. To disable deprecation, use _CRT_SECURE_NO_WARNINGS. See online help for details.
E:\1\Jupiter_Ent\Engine\sdk\inc\ltproperty.h(110,3): warning C4996: 'sprintf': This function or variable may be unsafe. Consider using sprintf_s instead. To disable deprecation, use _CRT_SECURE_NO_WARNINGS. See online help for details.
E:\1\Jupiter_Ent\Engine\sdk\inc\ltproperty.h(391,12): warning C4996: 'stricmp': The POSIX name for this item is deprecated. Instead, use the ISO C and C++ conformant name: _stricmp. See online help for details.
E:\1\Jupiter_Ent\Engine\sdk\inc\ltproperty.h(468,20): warning C4996: 'stricmp': The POSIX name for this item is deprecated. Instead, use the ISO C and C++ conformant name: _stricmp. See online help for details.
E:\1\Jupiter_Ent\Engine\sdk\inc\ltengineobjects.cpp(26,1): warning C4838: 从“unsigned int”转换到“int32”需要收缩转换
E:\1\Jupiter_Ent\Engine\sdk\inc\ltengineobjects.cpp(32,1): warning C4838: 从“unsigned int”转换到“int32”需要收缩转换
E:\1\Jupiter_Ent\Engine\sdk\inc\ltengineobjects.cpp(98,5): warning C4996: 'strcpy': This function or variable may be unsafe. Consider using strcpy_s instead. To disable deprecation, use _CRT_SECURE_NO_WARNINGS. See online help for details.
E:\1\Jupiter_Ent\Engine\sdk\inc\ltengineobjects.cpp(177,5): warning C4996: 'strcpy': This function or variable may be unsafe. Consider using strcpy_s instead. To disable deprecation, use _CRT_SECURE_NO_WARNINGS. See online help for details.
E:\1\Jupiter_Ent\Engine\sdk\inc\ltengineobjects.cpp(194,7): warning C4996: 'strcpy': This function or variable may be unsafe. Consider using strcpy_s instead. To disable deprecation, use _CRT_SECURE_NO_WARNINGS. See online help for details.
E:\1\Jupiter_Ent\Engine\sdk\inc\ltengineobjects.cpp(210,6): warning C4996: 'strcpy': This function or variable may be unsafe. Consider using strcpy_s instead. To disable deprecation, use _CRT_SECURE_NO_WARNINGS. See online help for details.
E:\1\Jupiter_Ent\Engine\sdk\inc\ltengineobjects.cpp(206,5): warning C4996: 'sprintf': This function or variable may be unsafe. Consider using sprintf_s instead. To disable deprecation, use _CRT_SECURE_NO_WARNINGS. See online help for details.
E:\1\Jupiter_Ent\Engine\sdk\inc\ltengineobjects.cpp(327,5): warning C4996: 'strcpy': This function or variable may be unsafe. Consider using strcpy_s instead. To disable deprecation, use _CRT_SECURE_NO_WARNINGS. See online help for details.
E:\1\Jupiter_Ent\Engine\sdk\inc\ltengineobjects.cpp(364,3): warning C4996: 'strcpy': This function or variable may be unsafe. Consider using strcpy_s instead. To disable deprecation, use _CRT_SECURE_NO_WARNINGS. See online help for details.
E:\1\Jupiter_Ent\Engine\sdk\inc\ltengineobjects.cpp(511,9): warning C4996: 'stricmp': The POSIX name for this item is deprecated. Instead, use the ISO C and C++ conformant name: _stricmp. See online help for details.
E:\1\Jupiter_Ent\Engine\sdk\inc\ltengineobjects.cpp(528,4): warning C4996: 'strcpy': This function or variable may be unsafe. Consider using strcpy_s instead. To disable deprecation, use _CRT_SECURE_NO_WARNINGS. See online help for details.
E:\1\Jupiter_Ent\Engine\sdk\inc\ltengineobjects.cpp(777,9): warning C4996: 'stricmp': The POSIX name for this item is deprecated. Instead, use the ISO C and C++ conformant name: _stricmp. See online help for details.
E:\1\Jupiter_Ent\Engine\sdk\inc\ltengineobjects.cpp(788,14): warning C4996: 'stricmp': The POSIX name for this item is deprecated. Instead, use the ISO C and C++ conformant name: _stricmp. See online help for details.
E:\1\Jupiter_Ent\Engine\sdk\inc\ltengineobjects.cpp(807,4): warning C4996: 'strcpy': This function or variable may be unsafe. Consider using strcpy_s instead. To disable deprecation, use _CRT_SECURE_NO_WARNINGS. See online help for details.
  ltmodule.cpp
E:\1\Jupiter_Ent\Engine\sdk\inc\ltbasedefs.h(154,2): warning C4996: 'strncpy': This function or variable may be unsafe. Consider using strncpy_s instead. To disable deprecation, use _CRT_SECURE_NO_WARNINGS. See online help for details.
E:\1\Jupiter_Ent\Engine\sdk\inc\ltbasedefs.h(184,2): warning C4996: 'wcsncpy': This function or variable may be unsafe. Consider using wcsncpy_s instead. To disable deprecation, use _CRT_SECURE_NO_WARNINGS. See online help for details.
E:\1\Jupiter_Ent\Engine\sdk\inc\ltbasedefs.h(207,3): warning C4996: 'strcpy': This function or variable may be unsafe. Consider using strcpy_s instead. To disable deprecation, use _CRT_SECURE_NO_WARNINGS. See online help for details.
E:\1\Jupiter_Ent\Engine\sdk\inc\ltbasedefs.h(230,3): warning C4996: 'wcscpy': This function or variable may be unsafe. Consider using wcscpy_s instead. To disable deprecation, use _CRT_SECURE_NO_WARNINGS. See online help for details.
E:\1\Jupiter_Ent\Engine\sdk\inc\ltbasedefs.h(259,2): warning C4996: 'strncpy': This function or variable may be unsafe. Consider using strncpy_s instead. To disable deprecation, use _CRT_SECURE_NO_WARNINGS. See online help for details.
E:\1\Jupiter_Ent\Engine\sdk\inc\ltbasedefs.h(282,2): warning C4996: 'strncat': This function or variable may be unsafe. Consider using strncat_s instead. To disable deprecation, use _CRT_SECURE_NO_WARNINGS. See online help for details.
E:\1\Jupiter_Ent\Engine\sdk\inc\ltbasedefs.h(310,2): warning C4996: 'wcsncat': This function or variable may be unsafe. Consider using wcsncat_s instead. To disable deprecation, use _CRT_SECURE_NO_WARNINGS. See online help for details.
E:\1\Jupiter_Ent\Engine\sdk\inc\ltbasedefs.h(335,2): warning C4996: 'strncat': This function or variable may be unsafe. Consider using strncat_s instead. To disable deprecation, use _CRT_SECURE_NO_WARNINGS. See online help for details.
E:\1\Jupiter_Ent\Engine\sdk\inc\ltbasedefs.h(403,3): warning C4996: '_vsnprintf': This function or variable may be unsafe. Consider using _vsnprintf_s instead. To disable deprecation, use _CRT_SECURE_NO_WARNINGS. See online help for details.
E:\1\Jupiter_Ent\Engine\sdk\inc\ltmodule.cpp(43,9): warning C4996: 'strcpy': This function or variable may be unsafe. Consider using strcpy_s instead. To disable deprecation, use _CRT_SECURE_NO_WARNINGS. See online help for details.
  ltquatbase.cpp
  AIVolume.cpp
E:\1\Jupiter_Ent\Engine\sdk\inc\ltbasedefs.h(154,2): warning C4996: 'strncpy': This function or variable may be unsafe. Consider using strncpy_s instead. To disable deprecation, use _CRT_SECURE_NO_WARNINGS. See online help for details.
E:\1\Jupiter_Ent\Engine\sdk\inc\ltbasedefs.h(184,2): warning C4996: 'wcsncpy': This function or variable may be unsafe. Consider using wcsncpy_s instead. To disable deprecation, use _CRT_SECURE_NO_WARNINGS. See online help for details.
E:\1\Jupiter_Ent\Engine\sdk\inc\ltbasedefs.h(207,3): warning C4996: 'strcpy': This function or variable may be unsafe. Consider using strcpy_s instead. To disable deprecation, use _CRT_SECURE_NO_WARNINGS. See online help for details.
E:\1\Jupiter_Ent\Engine\sdk\inc\ltbasedefs.h(230,3): warning C4996: 'wcscpy': This function or variable may be unsafe. Consider using wcscpy_s instead. To disable deprecation, use _CRT_SECURE_NO_WARNINGS. See online help for details.
E:\1\Jupiter_Ent\Engine\sdk\inc\ltbasedefs.h(259,2): warning C4996: 'strncpy': This function or variable may be unsafe. Consider using strncpy_s instead. To disable deprecation, use _CRT_SECURE_NO_WARNINGS. See online help for details.
E:\1\Jupiter_Ent\Engine\sdk\inc\ltbasedefs.h(282,2): warning C4996: 'strncat': This function or variable may be unsafe. Consider using strncat_s instead. To disable deprecation, use _CRT_SECURE_NO_WARNINGS. See online help for details.
E:\1\Jupiter_Ent\Engine\sdk\inc\ltbasedefs.h(310,2): warning C4996: 'wcsncat': This function or variable may be unsafe. Consider using wcsncat_s instead. To disable deprecation, use _CRT_SECURE_NO_WARNINGS. See online help for details.
E:\1\Jupiter_Ent\Engine\sdk\inc\ltbasedefs.h(335,2): warning C4996: 'strncat': This function or variable may be unsafe. Consider using strncat_s instead. To disable deprecation, use _CRT_SECURE_NO_WARNINGS. See online help for details.
E:\1\Jupiter_Ent\Engine\sdk\inc\ltbasedefs.h(403,3): warning C4996: '_vsnprintf': This function or variable may be unsafe. Consider using _vsnprintf_s instead. To disable deprecation, use _CRT_SECURE_NO_WARNINGS. See online help for details.
E:\1\Jupiter_Ent\Engine\sdk\inc\ltproperty.h(81,3): warning C4996: 'sprintf': This function or variable may be unsafe. Consider using sprintf_s instead. To disable deprecation, use _CRT_SECURE_NO_WARNINGS. See online help for details.
E:\1\Jupiter_Ent\Engine\sdk\inc\ltproperty.h(88,3): warning C4996: 'sscanf': This function or variable may be unsafe. Consider using sscanf_s instead. To disable deprecation, use _CRT_SECURE_NO_WARNINGS. See online help for details.
E:\1\Jupiter_Ent\Engine\sdk\inc\ltproperty.h(103,3): warning C4996: 'sprintf': This function or variable may be unsafe. Consider using sprintf_s instead. To disable deprecation, use _CRT_SECURE_NO_WARNINGS. See online help for details.
E:\1\Jupiter_Ent\Engine\sdk\inc\ltproperty.h(110,3): warning C4996: 'sprintf': This function or variable may be unsafe. Consider using sprintf_s instead. To disable deprecation, use _CRT_SECURE_NO_WARNINGS. See online help for details.
E:\1\Jupiter_Ent\Engine\sdk\inc\ltproperty.h(391,12): warning C4996: 'stricmp': The POSIX name for this item is deprecated. Instead, use the ISO C and C++ conformant name: _stricmp. See online help for details.
E:\1\Jupiter_Ent\Engine\sdk\inc\ltproperty.h(468,20): warning C4996: 'stricmp': The POSIX name for this item is deprecated. Instead, use the ISO C and C++ conformant name: _stricmp. See online help for details.
E:\1\Jupiter_Ent\Samples\networking\sealhunter - 副本 - 副本\sshell\src\AIVolume.cpp(203,5): warning C4996: 'strcpy': This function or variable may be unsafe. Consider using strcpy_s instead. To disable deprecation, use _CRT_SECURE_NO_WARNINGS. See online help for details.
E:\1\Jupiter_Ent\Samples\networking\sealhunter - 副本 - 副本\sshell\src\AIVolume.cpp(204,5): warning C4996: 'strcpy': This function or variable may be unsafe. Consider using strcpy_s instead. To disable deprecation, use _CRT_SECURE_NO_WARNINGS. See online help for details.
E:\1\Jupiter_Ent\Samples\networking\sealhunter - 副本 - 副本\sshell\src\AIVolume.cpp(205,5): warning C4996: 'strcpy': This function or variable may be unsafe. Consider using strcpy_s instead. To disable deprecation, use _CRT_SECURE_NO_WARNINGS. See online help for details.
  gamestartpoint.cpp
E:\1\Jupiter_Ent\Engine\sdk\inc\ltbasedefs.h(154,2): warning C4996: 'strncpy': This function or variable may be unsafe. Consider using strncpy_s instead. To disable deprecation, use _CRT_SECURE_NO_WARNINGS. See online help for details.
E:\1\Jupiter_Ent\Engine\sdk\inc\ltbasedefs.h(184,2): warning C4996: 'wcsncpy': This function or variable may be unsafe. Consider using wcsncpy_s instead. To disable deprecation, use _CRT_SECURE_NO_WARNINGS. See online help for details.
E:\1\Jupiter_Ent\Engine\sdk\inc\ltbasedefs.h(207,3): warning C4996: 'strcpy': This function or variable may be unsafe. Consider using strcpy_s instead. To disable deprecation, use _CRT_SECURE_NO_WARNINGS. See online help for details.
E:\1\Jupiter_Ent\Engine\sdk\inc\ltbasedefs.h(230,3): warning C4996: 'wcscpy': This function or variable may be unsafe. Consider using wcscpy_s instead. To disable deprecation, use _CRT_SECURE_NO_WARNINGS. See online help for details.
E:\1\Jupiter_Ent\Engine\sdk\inc\ltbasedefs.h(259,2): warning C4996: 'strncpy': This function or variable may be unsafe. Consider using strncpy_s instead. To disable deprecation, use _CRT_SECURE_NO_WARNINGS. See online help for details.
E:\1\Jupiter_Ent\Engine\sdk\inc\ltbasedefs.h(282,2): warning C4996: 'strncat': This function or variable may be unsafe. Consider using strncat_s instead. To disable deprecation, use _CRT_SECURE_NO_WARNINGS. See online help for details.
E:\1\Jupiter_Ent\Engine\sdk\inc\ltbasedefs.h(310,2): warning C4996: 'wcsncat': This function or variable may be unsafe. Consider using wcsncat_s instead. To disable deprecation, use _CRT_SECURE_NO_WARNINGS. See online help for details.
E:\1\Jupiter_Ent\Engine\sdk\inc\ltbasedefs.h(335,2): warning C4996: 'strncat': This function or variable may be unsafe. Consider using strncat_s instead. To disable deprecation, use _CRT_SECURE_NO_WARNINGS. See online help for details.
E:\1\Jupiter_Ent\Engine\sdk\inc\ltbasedefs.h(403,3): warning C4996: '_vsnprintf': This function or variable may be unsafe. Consider using _vsnprintf_s instead. To disable deprecation, use _CRT_SECURE_NO_WARNINGS. See online help for details.
E:\1\Jupiter_Ent\Engine\sdk\inc\ltproperty.h(81,3): warning C4996: 'sprintf': This function or variable may be unsafe. Consider using sprintf_s instead. To disable deprecation, use _CRT_SECURE_NO_WARNINGS. See online help for details.
E:\1\Jupiter_Ent\Engine\sdk\inc\ltproperty.h(88,3): warning C4996: 'sscanf': This function or variable may be unsafe. Consider using sscanf_s instead. To disable deprecation, use _CRT_SECURE_NO_WARNINGS. See online help for details.
E:\1\Jupiter_Ent\Engine\sdk\inc\ltproperty.h(103,3): warning C4996: 'sprintf': This function or variable may be unsafe. Consider using sprintf_s instead. To disable deprecation, use _CRT_SECURE_NO_WARNINGS. See online help for details.
E:\1\Jupiter_Ent\Engine\sdk\inc\ltproperty.h(110,3): warning C4996: 'sprintf': This function or variable may be unsafe. Consider using sprintf_s instead. To disable deprecation, use _CRT_SECURE_NO_WARNINGS. See online help for details.
E:\1\Jupiter_Ent\Engine\sdk\inc\ltproperty.h(391,12): warning C4996: 'stricmp': The POSIX name for this item is deprecated. Instead, use the ISO C and C++ conformant name: _stricmp. See online help for details.
E:\1\Jupiter_Ent\Engine\sdk\inc\ltproperty.h(468,20): warning C4996: 'stricmp': The POSIX name for this item is deprecated. Instead, use the ISO C and C++ conformant name: _stricmp. See online help for details.
  ltservershell.cpp
E:\1\Jupiter_Ent\Engine\sdk\inc\ltbasedefs.h(154,2): warning C4996: 'strncpy': This function or variable may be unsafe. Consider using strncpy_s instead. To disable deprecation, use _CRT_SECURE_NO_WARNINGS. See online help for details.
E:\1\Jupiter_Ent\Engine\sdk\inc\ltbasedefs.h(184,2): warning C4996: 'wcsncpy': This function or variable may be unsafe. Consider using wcsncpy_s instead. To disable deprecation, use _CRT_SECURE_NO_WARNINGS. See online help for details.
E:\1\Jupiter_Ent\Engine\sdk\inc\ltbasedefs.h(207,3): warning C4996: 'strcpy': This function or variable may be unsafe. Consider using strcpy_s instead. To disable deprecation, use _CRT_SECURE_NO_WARNINGS. See online help for details.
E:\1\Jupiter_Ent\Engine\sdk\inc\ltbasedefs.h(230,3): warning C4996: 'wcscpy': This function or variable may be unsafe. Consider using wcscpy_s instead. To disable deprecation, use _CRT_SECURE_NO_WARNINGS. See online help for details.
E:\1\Jupiter_Ent\Engine\sdk\inc\ltbasedefs.h(259,2): warning C4996: 'strncpy': This function or variable may be unsafe. Consider using strncpy_s instead. To disable deprecation, use _CRT_SECURE_NO_WARNINGS. See online help for details.
E:\1\Jupiter_Ent\Engine\sdk\inc\ltbasedefs.h(282,2): warning C4996: 'strncat': This function or variable may be unsafe. Consider using strncat_s instead. To disable deprecation, use _CRT_SECURE_NO_WARNINGS. See online help for details.
E:\1\Jupiter_Ent\Engine\sdk\inc\ltbasedefs.h(310,2): warning C4996: 'wcsncat': This function or variable may be unsafe. Consider using wcsncat_s instead. To disable deprecation, use _CRT_SECURE_NO_WARNINGS. See online help for details.
E:\1\Jupiter_Ent\Engine\sdk\inc\ltbasedefs.h(335,2): warning C4996: 'strncat': This function or variable may be unsafe. Consider using strncat_s instead. To disable deprecation, use _CRT_SECURE_NO_WARNINGS. See online help for details.
E:\1\Jupiter_Ent\Engine\sdk\inc\ltbasedefs.h(403,3): warning C4996: '_vsnprintf': This function or variable may be unsafe. Consider using _vsnprintf_s instead. To disable deprecation, use _CRT_SECURE_NO_WARNINGS. See online help for details.
E:\1\Jupiter_Ent\Engine\sdk\inc\ltproperty.h(81,3): warning C4996: 'sprintf': This function or variable may be unsafe. Consider using sprintf_s instead. To disable deprecation, use _CRT_SECURE_NO_WARNINGS. See online help for details.
E:\1\Jupiter_Ent\Engine\sdk\inc\ltproperty.h(88,3): warning C4996: 'sscanf': This function or variable may be unsafe. Consider using sscanf_s instead. To disable deprecation, use _CRT_SECURE_NO_WARNINGS. See online help for details.
E:\1\Jupiter_Ent\Engine\sdk\inc\ltproperty.h(103,3): warning C4996: 'sprintf': This function or variable may be unsafe. Consider using sprintf_s instead. To disable deprecation, use _CRT_SECURE_NO_WARNINGS. See online help for details.
E:\1\Jupiter_Ent\Engine\sdk\inc\ltproperty.h(110,3): warning C4996: 'sprintf': This function or variable may be unsafe. Consider using sprintf_s instead. To disable deprecation, use _CRT_SECURE_NO_WARNINGS. See online help for details.
E:\1\Jupiter_Ent\Engine\sdk\inc\ltproperty.h(391,12): warning C4996: 'stricmp': The POSIX name for this item is deprecated. Instead, use the ISO C and C++ conformant name: _stricmp. See online help for details.
E:\1\Jupiter_Ent\Engine\sdk\inc\ltproperty.h(468,20): warning C4996: 'stricmp': The POSIX name for this item is deprecated. Instead, use the ISO C and C++ conformant name: _stricmp. See online help for details.
E:\1\Jupiter_Ent\Samples\networking\sealhunter - 副本 - 副本\sshell\src\ltservershell.cpp(43,1): warning C4838: 从“unsigned int”转换到“int32”需要收缩转换
E:\1\Jupiter_Ent\Samples\networking\sealhunter - 副本 - 副本\sshell\src\ltservershell.cpp(46,1): warning C4838: 从“unsigned int”转换到“int32”需要收缩转换
E:\1\Jupiter_Ent\Samples\networking\sealhunter - 副本 - 副本\sshell\src\ltservershell.cpp(86,15): warning C4244: “参数”: 从“time_t”转换到“unsigned int”，可能丢失数据
E:\1\Jupiter_Ent\Samples\networking\sealhunter - 副本 - 副本\sshell\src\ltservershell.cpp(171,5): warning C4996: 'strcpy': This function or variable may be unsafe. Consider using strcpy_s instead. To disable deprecation, use _CRT_SECURE_NO_WARNINGS. See online help for details.
E:\1\Jupiter_Ent\Samples\networking\sealhunter - 副本 - 副本\sshell\src\ltservershell.cpp(172,5): warning C4996: 'strcpy': This function or variable may be unsafe. Consider using strcpy_s instead. To disable deprecation, use _CRT_SECURE_NO_WARNINGS. See online help for details.
E:\1\Jupiter_Ent\Samples\networking\sealhunter - 副本 - 副本\sshell\src\ltservershell.cpp(173,5): warning C4996: 'strcpy': This function or variable may be unsafe. Consider using strcpy_s instead. To disable deprecation, use _CRT_SECURE_NO_WARNINGS. See online help for details.
E:\1\Jupiter_Ent\Samples\networking\sealhunter - 副本 - 副本\sshell\src\ltservershell.cpp(174,5): warning C4996: 'strcpy': This function or variable may be unsafe. Consider using strcpy_s instead. To disable deprecation, use _CRT_SECURE_NO_WARNINGS. See online help for details.
E:\1\Jupiter_Ent\Samples\networking\sealhunter - 副本 - 副本\sshell\src\ltservershell.cpp(204,9): warning C4996: 'sprintf': This function or variable may be unsafe. Consider using sprintf_s instead. To disable deprecation, use _CRT_SECURE_NO_WARNINGS. See online help for details.
E:\1\Jupiter_Ent\Samples\networking\sealhunter - 副本 - 副本\sshell\src\ltservershell.cpp(355,13): warning C4996: 'sprintf': This function or variable may be unsafe. Consider using sprintf_s instead. To disable deprecation, use _CRT_SECURE_NO_WARNINGS. See online help for details.
  pickup.cpp
E:\1\Jupiter_Ent\Engine\sdk\inc\ltbasedefs.h(154,2): warning C4996: 'strncpy': This function or variable may be unsafe. Consider using strncpy_s instead. To disable deprecation, use _CRT_SECURE_NO_WARNINGS. See online help for details.
E:\1\Jupiter_Ent\Engine\sdk\inc\ltbasedefs.h(184,2): warning C4996: 'wcsncpy': This function or variable may be unsafe. Consider using wcsncpy_s instead. To disable deprecation, use _CRT_SECURE_NO_WARNINGS. See online help for details.
E:\1\Jupiter_Ent\Engine\sdk\inc\ltbasedefs.h(207,3): warning C4996: 'strcpy': This function or variable may be unsafe. Consider using strcpy_s instead. To disable deprecation, use _CRT_SECURE_NO_WARNINGS. See online help for details.
E:\1\Jupiter_Ent\Engine\sdk\inc\ltbasedefs.h(230,3): warning C4996: 'wcscpy': This function or variable may be unsafe. Consider using wcscpy_s instead. To disable deprecation, use _CRT_SECURE_NO_WARNINGS. See online help for details.
E:\1\Jupiter_Ent\Engine\sdk\inc\ltbasedefs.h(259,2): warning C4996: 'strncpy': This function or variable may be unsafe. Consider using strncpy_s instead. To disable deprecation, use _CRT_SECURE_NO_WARNINGS. See online help for details.
E:\1\Jupiter_Ent\Engine\sdk\inc\ltbasedefs.h(282,2): warning C4996: 'strncat': This function or variable may be unsafe. Consider using strncat_s instead. To disable deprecation, use _CRT_SECURE_NO_WARNINGS. See online help for details.
E:\1\Jupiter_Ent\Engine\sdk\inc\ltbasedefs.h(310,2): warning C4996: 'wcsncat': This function or variable may be unsafe. Consider using wcsncat_s instead. To disable deprecation, use _CRT_SECURE_NO_WARNINGS. See online help for details.
E:\1\Jupiter_Ent\Engine\sdk\inc\ltbasedefs.h(335,2): warning C4996: 'strncat': This function or variable may be unsafe. Consider using strncat_s instead. To disable deprecation, use _CRT_SECURE_NO_WARNINGS. See online help for details.
E:\1\Jupiter_Ent\Engine\sdk\inc\ltbasedefs.h(403,3): warning C4996: '_vsnprintf': This function or variable may be unsafe. Consider using _vsnprintf_s instead. To disable deprecation, use _CRT_SECURE_NO_WARNINGS. See online help for details.
E:\1\Jupiter_Ent\Engine\sdk\inc\ltproperty.h(81,3): warning C4996: 'sprintf': This function or variable may be unsafe. Consider using sprintf_s instead. To disable deprecation, use _CRT_SECURE_NO_WARNINGS. See online help for details.
E:\1\Jupiter_Ent\Engine\sdk\inc\ltproperty.h(88,3): warning C4996: 'sscanf': This function or variable may be unsafe. Consider using sscanf_s instead. To disable deprecation, use _CRT_SECURE_NO_WARNINGS. See online help for details.
E:\1\Jupiter_Ent\Engine\sdk\inc\ltproperty.h(103,3): warning C4996: 'sprintf': This function or variable may be unsafe. Consider using sprintf_s instead. To disable deprecation, use _CRT_SECURE_NO_WARNINGS. See online help for details.
E:\1\Jupiter_Ent\Engine\sdk\inc\ltproperty.h(110,3): warning C4996: 'sprintf': This function or variable may be unsafe. Consider using sprintf_s instead. To disable deprecation, use _CRT_SECURE_NO_WARNINGS. See online help for details.
E:\1\Jupiter_Ent\Engine\sdk\inc\ltproperty.h(391,12): warning C4996: 'stricmp': The POSIX name for this item is deprecated. Instead, use the ISO C and C++ conformant name: _stricmp. See online help for details.
E:\1\Jupiter_Ent\Engine\sdk\inc\ltproperty.h(468,20): warning C4996: 'stricmp': The POSIX name for this item is deprecated. Instead, use the ISO C and C++ conformant name: _stricmp. See online help for details.
E:\1\Jupiter_Ent\Samples\networking\sealhunter - 副本 - 副本\sshell\src\pickup.cpp(214,5): warning C4996: 'strcpy': This function or variable may be unsafe. Consider using strcpy_s instead. To disable deprecation, use _CRT_SECURE_NO_WARNINGS. See online help for details.
E:\1\Jupiter_Ent\Samples\networking\sealhunter - 副本 - 副本\sshell\src\pickup.cpp(246,6): warning C4996: 'strcpy': This function or variable may be unsafe. Consider using strcpy_s instead. To disable deprecation, use _CRT_SECURE_NO_WARNINGS. See online help for details.
  playersrvr.cpp
E:\1\Jupiter_Ent\Engine\sdk\inc\ltbasedefs.h(154,2): warning C4996: 'strncpy': This function or variable may be unsafe. Consider using strncpy_s instead. To disable deprecation, use _CRT_SECURE_NO_WARNINGS. See online help for details.
E:\1\Jupiter_Ent\Engine\sdk\inc\ltbasedefs.h(184,2): warning C4996: 'wcsncpy': This function or variable may be unsafe. Consider using wcsncpy_s instead. To disable deprecation, use _CRT_SECURE_NO_WARNINGS. See online help for details.
E:\1\Jupiter_Ent\Engine\sdk\inc\ltbasedefs.h(207,3): warning C4996: 'strcpy': This function or variable may be unsafe. Consider using strcpy_s instead. To disable deprecation, use _CRT_SECURE_NO_WARNINGS. See online help for details.
E:\1\Jupiter_Ent\Engine\sdk\inc\ltbasedefs.h(230,3): warning C4996: 'wcscpy': This function or variable may be unsafe. Consider using wcscpy_s instead. To disable deprecation, use _CRT_SECURE_NO_WARNINGS. See online help for details.
E:\1\Jupiter_Ent\Engine\sdk\inc\ltbasedefs.h(259,2): warning C4996: 'strncpy': This function or variable may be unsafe. Consider using strncpy_s instead. To disable deprecation, use _CRT_SECURE_NO_WARNINGS. See online help for details.
E:\1\Jupiter_Ent\Engine\sdk\inc\ltbasedefs.h(282,2): warning C4996: 'strncat': This function or variable may be unsafe. Consider using strncat_s instead. To disable deprecation, use _CRT_SECURE_NO_WARNINGS. See online help for details.
E:\1\Jupiter_Ent\Engine\sdk\inc\ltbasedefs.h(310,2): warning C4996: 'wcsncat': This function or variable may be unsafe. Consider using wcsncat_s instead. To disable deprecation, use _CRT_SECURE_NO_WARNINGS. See online help for details.
E:\1\Jupiter_Ent\Engine\sdk\inc\ltbasedefs.h(335,2): warning C4996: 'strncat': This function or variable may be unsafe. Consider using strncat_s instead. To disable deprecation, use _CRT_SECURE_NO_WARNINGS. See online help for details.
E:\1\Jupiter_Ent\Engine\sdk\inc\ltbasedefs.h(403,3): warning C4996: '_vsnprintf': This function or variable may be unsafe. Consider using _vsnprintf_s instead. To disable deprecation, use _CRT_SECURE_NO_WARNINGS. See online help for details.
E:\1\Jupiter_Ent\Engine\sdk\inc\ltproperty.h(81,3): warning C4996: 'sprintf': This function or variable may be unsafe. Consider using sprintf_s instead. To disable deprecation, use _CRT_SECURE_NO_WARNINGS. See online help for details.
E:\1\Jupiter_Ent\Engine\sdk\inc\ltproperty.h(88,3): warning C4996: 'sscanf': This function or variable may be unsafe. Consider using sscanf_s instead. To disable deprecation, use _CRT_SECURE_NO_WARNINGS. See online help for details.
E:\1\Jupiter_Ent\Engine\sdk\inc\ltproperty.h(103,3): warning C4996: 'sprintf': This function or variable may be unsafe. Consider using sprintf_s instead. To disable deprecation, use _CRT_SECURE_NO_WARNINGS. See online help for details.
E:\1\Jupiter_Ent\Engine\sdk\inc\ltproperty.h(110,3): warning C4996: 'sprintf': This function or variable may be unsafe. Consider using sprintf_s instead. To disable deprecation, use _CRT_SECURE_NO_WARNINGS. See online help for details.
E:\1\Jupiter_Ent\Engine\sdk\inc\ltproperty.h(391,12): warning C4996: 'stricmp': The POSIX name for this item is deprecated. Instead, use the ISO C and C++ conformant name: _stricmp. See online help for details.
E:\1\Jupiter_Ent\Engine\sdk\inc\ltproperty.h(468,20): warning C4996: 'stricmp': The POSIX name for this item is deprecated. Instead, use the ISO C and C++ conformant name: _stricmp. See online help for details.
E:\1\Jupiter_Ent\Engine\sdk\inc\ltrenderstyle.h(949,172): warning C4996: 'strcpy': This function or variable may be unsafe. Consider using strcpy_s instead. To disable deprecation, use _CRT_SECURE_NO_WARNINGS. See online help for details.
E:\1\Jupiter_Ent\Samples\networking\sealhunter - 副本 - 副本\sshell\src\playersrvr.cpp(132,4): warning C4996: 'sprintf': This function or variable may be unsafe. Consider using sprintf_s instead. To disable deprecation, use _CRT_SECURE_NO_WARNINGS. See online help for details.
E:\1\Jupiter_Ent\Samples\networking\sealhunter - 副本 - 副本\sshell\src\playersrvr.cpp(211,21): warning C4996: 'sprintf': This function or variable may be unsafe. Consider using sprintf_s instead. To disable deprecation, use _CRT_SECURE_NO_WARNINGS. See online help for details.
E:\1\Jupiter_Ent\Samples\networking\sealhunter - 副本 - 副本\sshell\src\playersrvr.cpp(234,5): warning C4996: 'strncpy': This function or variable may be unsafe. Consider using strncpy_s instead. To disable deprecation, use _CRT_SECURE_NO_WARNINGS. See online help for details.
E:\1\Jupiter_Ent\Samples\networking\sealhunter - 副本 - 副本\sshell\src\playersrvr.cpp(322,9): warning C4996: 'strncpy': This function or variable may be unsafe. Consider using strncpy_s instead. To disable deprecation, use _CRT_SECURE_NO_WARNINGS. See online help for details.
E:\1\Jupiter_Ent\Samples\networking\sealhunter - 副本 - 副本\sshell\src\playersrvr.cpp(323,9): warning C4996: 'strncpy': This function or variable may be unsafe. Consider using strncpy_s instead. To disable deprecation, use _CRT_SECURE_NO_WARNINGS. See online help for details.
E:\1\Jupiter_Ent\Samples\networking\sealhunter - 副本 - 副本\sshell\src\playersrvr.cpp(327,9): warning C4996: 'strncpy': This function or variable may be unsafe. Consider using strncpy_s instead. To disable deprecation, use _CRT_SECURE_NO_WARNINGS. See online help for details.
E:\1\Jupiter_Ent\Samples\networking\sealhunter - 副本 - 副本\sshell\src\playersrvr.cpp(328,9): warning C4996: 'strncpy': This function or variable may be unsafe. Consider using strncpy_s instead. To disable deprecation, use _CRT_SECURE_NO_WARNINGS. See online help for details.
E:\1\Jupiter_Ent\Samples\networking\sealhunter - 副本 - 副本\sshell\src\playersrvr.cpp(332,9): warning C4996: 'strncpy': This function or variable may be unsafe. Consider using strncpy_s instead. To disable deprecation, use _CRT_SECURE_NO_WARNINGS. See online help for details.
E:\1\Jupiter_Ent\Samples\networking\sealhunter - 副本 - 副本\sshell\src\playersrvr.cpp(333,9): warning C4996: 'strncpy': This function or variable may be unsafe. Consider using strncpy_s instead. To disable deprecation, use _CRT_SECURE_NO_WARNINGS. See online help for details.
E:\1\Jupiter_Ent\Samples\networking\sealhunter - 副本 - 副本\sshell\src\playersrvr.cpp(423,5): warning C4996: 'strncpy': This function or variable may be unsafe. Consider using strncpy_s instead. To disable deprecation, use _CRT_SECURE_NO_WARNINGS. See online help for details.
E:\1\Jupiter_Ent\Samples\networking\sealhunter - 副本 - 副本\sshell\src\playersrvr.cpp(424,5): warning C4996: 'strncpy': This function or variable may be unsafe. Consider using strncpy_s instead. To disable deprecation, use _CRT_SECURE_NO_WARNINGS. See online help for details.
  projectile.cpp
E:\1\Jupiter_Ent\Engine\sdk\inc\ltbasedefs.h(154,2): warning C4996: 'strncpy': This function or variable may be unsafe. Consider using strncpy_s instead. To disable deprecation, use _CRT_SECURE_NO_WARNINGS. See online help for details.
E:\1\Jupiter_Ent\Engine\sdk\inc\ltbasedefs.h(184,2): warning C4996: 'wcsncpy': This function or variable may be unsafe. Consider using wcsncpy_s instead. To disable deprecation, use _CRT_SECURE_NO_WARNINGS. See online help for details.
E:\1\Jupiter_Ent\Engine\sdk\inc\ltbasedefs.h(207,3): warning C4996: 'strcpy': This function or variable may be unsafe. Consider using strcpy_s instead. To disable deprecation, use _CRT_SECURE_NO_WARNINGS. See online help for details.
E:\1\Jupiter_Ent\Engine\sdk\inc\ltbasedefs.h(230,3): warning C4996: 'wcscpy': This function or variable may be unsafe. Consider using wcscpy_s instead. To disable deprecation, use _CRT_SECURE_NO_WARNINGS. See online help for details.
E:\1\Jupiter_Ent\Engine\sdk\inc\ltbasedefs.h(259,2): warning C4996: 'strncpy': This function or variable may be unsafe. Consider using strncpy_s instead. To disable deprecation, use _CRT_SECURE_NO_WARNINGS. See online help for details.
E:\1\Jupiter_Ent\Engine\sdk\inc\ltbasedefs.h(282,2): warning C4996: 'strncat': This function or variable may be unsafe. Consider using strncat_s instead. To disable deprecation, use _CRT_SECURE_NO_WARNINGS. See online help for details.
E:\1\Jupiter_Ent\Engine\sdk\inc\ltbasedefs.h(310,2): warning C4996: 'wcsncat': This function or variable may be unsafe. Consider using wcsncat_s instead. To disable deprecation, use _CRT_SECURE_NO_WARNINGS. See online help for details.
E:\1\Jupiter_Ent\Engine\sdk\inc\ltbasedefs.h(335,2): warning C4996: 'strncat': This function or variable may be unsafe. Consider using strncat_s instead. To disable deprecation, use _CRT_SECURE_NO_WARNINGS. See online help for details.
E:\1\Jupiter_Ent\Engine\sdk\inc\ltbasedefs.h(403,3): warning C4996: '_vsnprintf': This function or variable may be unsafe. Consider using _vsnprintf_s instead. To disable deprecation, use _CRT_SECURE_NO_WARNINGS. See online help for details.
E:\1\Jupiter_Ent\Engine\sdk\inc\ltproperty.h(81,3): warning C4996: 'sprintf': This function or variable may be unsafe. Consider using sprintf_s instead. To disable deprecation, use _CRT_SECURE_NO_WARNINGS. See online help for details.
E:\1\Jupiter_Ent\Engine\sdk\inc\ltproperty.h(88,3): warning C4996: 'sscanf': This function or variable may be unsafe. Consider using sscanf_s instead. To disable deprecation, use _CRT_SECURE_NO_WARNINGS. See online help for details.
E:\1\Jupiter_Ent\Engine\sdk\inc\ltproperty.h(103,3): warning C4996: 'sprintf': This function or variable may be unsafe. Consider using sprintf_s instead. To disable deprecation, use _CRT_SECURE_NO_WARNINGS. See online help for details.
E:\1\Jupiter_Ent\Engine\sdk\inc\ltproperty.h(110,3): warning C4996: 'sprintf': This function or variable may be unsafe. Consider using sprintf_s instead. To disable deprecation, use _CRT_SECURE_NO_WARNINGS. See online help for details.
E:\1\Jupiter_Ent\Engine\sdk\inc\ltproperty.h(391,12): warning C4996: 'stricmp': The POSIX name for this item is deprecated. Instead, use the ISO C and C++ conformant name: _stricmp. See online help for details.
E:\1\Jupiter_Ent\Engine\sdk\inc\ltproperty.h(468,20): warning C4996: 'stricmp': The POSIX name for this item is deprecated. Instead, use the ISO C and C++ conformant name: _stricmp. See online help for details.
  seal.cpp
E:\1\Jupiter_Ent\Engine\sdk\inc\ltbasedefs.h(154,2): warning C4996: 'strncpy': This function or variable may be unsafe. Consider using strncpy_s instead. To disable deprecation, use _CRT_SECURE_NO_WARNINGS. See online help for details.
E:\1\Jupiter_Ent\Engine\sdk\inc\ltbasedefs.h(184,2): warning C4996: 'wcsncpy': This function or variable may be unsafe. Consider using wcsncpy_s instead. To disable deprecation, use _CRT_SECURE_NO_WARNINGS. See online help for details.
E:\1\Jupiter_Ent\Engine\sdk\inc\ltbasedefs.h(207,3): warning C4996: 'strcpy': This function or variable may be unsafe. Consider using strcpy_s instead. To disable deprecation, use _CRT_SECURE_NO_WARNINGS. See online help for details.
E:\1\Jupiter_Ent\Engine\sdk\inc\ltbasedefs.h(230,3): warning C4996: 'wcscpy': This function or variable may be unsafe. Consider using wcscpy_s instead. To disable deprecation, use _CRT_SECURE_NO_WARNINGS. See online help for details.
E:\1\Jupiter_Ent\Engine\sdk\inc\ltbasedefs.h(259,2): warning C4996: 'strncpy': This function or variable may be unsafe. Consider using strncpy_s instead. To disable deprecation, use _CRT_SECURE_NO_WARNINGS. See online help for details.
E:\1\Jupiter_Ent\Engine\sdk\inc\ltbasedefs.h(282,2): warning C4996: 'strncat': This function or variable may be unsafe. Consider using strncat_s instead. To disable deprecation, use _CRT_SECURE_NO_WARNINGS. See online help for details.
E:\1\Jupiter_Ent\Engine\sdk\inc\ltbasedefs.h(310,2): warning C4996: 'wcsncat': This function or variable may be unsafe. Consider using wcsncat_s instead. To disable deprecation, use _CRT_SECURE_NO_WARNINGS. See online help for details.
E:\1\Jupiter_Ent\Engine\sdk\inc\ltbasedefs.h(335,2): warning C4996: 'strncat': This function or variable may be unsafe. Consider using strncat_s instead. To disable deprecation, use _CRT_SECURE_NO_WARNINGS. See online help for details.
E:\1\Jupiter_Ent\Engine\sdk\inc\ltbasedefs.h(403,3): warning C4996: '_vsnprintf': This function or variable may be unsafe. Consider using _vsnprintf_s instead. To disable deprecation, use _CRT_SECURE_NO_WARNINGS. See online help for details.
E:\1\Jupiter_Ent\Engine\sdk\inc\ltproperty.h(81,3): warning C4996: 'sprintf': This function or variable may be unsafe. Consider using sprintf_s instead. To disable deprecation, use _CRT_SECURE_NO_WARNINGS. See online help for details.
E:\1\Jupiter_Ent\Engine\sdk\inc\ltproperty.h(88,3): warning C4996: 'sscanf': This function or variable may be unsafe. Consider using sscanf_s instead. To disable deprecation, use _CRT_SECURE_NO_WARNINGS. See online help for details.
E:\1\Jupiter_Ent\Engine\sdk\inc\ltproperty.h(103,3): warning C4996: 'sprintf': This function or variable may be unsafe. Consider using sprintf_s instead. To disable deprecation, use _CRT_SECURE_NO_WARNINGS. See online help for details.
E:\1\Jupiter_Ent\Engine\sdk\inc\ltproperty.h(110,3): warning C4996: 'sprintf': This function or variable may be unsafe. Consider using sprintf_s instead. To disable deprecation, use _CRT_SECURE_NO_WARNINGS. See online help for details.
E:\1\Jupiter_Ent\Engine\sdk\inc\ltproperty.h(391,12): warning C4996: 'stricmp': The POSIX name for this item is deprecated. Instead, use the ISO C and C++ conformant name: _stricmp. See online help for details.
E:\1\Jupiter_Ent\Engine\sdk\inc\ltproperty.h(468,20): warning C4996: 'stricmp': The POSIX name for this item is deprecated. Instead, use the ISO C and C++ conformant name: _stricmp. See online help for details.
E:\1\Jupiter_Ent\Engine\sdk\inc\ltrenderstyle.h(949,172): warning C4996: 'strcpy': This function or variable may be unsafe. Consider using strcpy_s instead. To disable deprecation, use _CRT_SECURE_NO_WARNINGS. See online help for details.
E:\1\Jupiter_Ent\Samples\networking\sealhunter - 副本 - 副本\sshell\src\seal.cpp(122,4): warning C4996: 'sprintf': This function or variable may be unsafe. Consider using sprintf_s instead. To disable deprecation, use _CRT_SECURE_NO_WARNINGS. See online help for details.
E:\1\Jupiter_Ent\Samples\networking\sealhunter - 副本 - 副本\sshell\src\seal.cpp(672,5): warning C4996: 'sprintf': This function or variable may be unsafe. Consider using sprintf_s instead. To disable deprecation, use _CRT_SECURE_NO_WARNINGS. See online help for details.
  serverinterfaces.cpp
E:\1\Jupiter_Ent\Engine\sdk\inc\ltbasedefs.h(154,2): warning C4996: 'strncpy': This function or variable may be unsafe. Consider using strncpy_s instead. To disable deprecation, use _CRT_SECURE_NO_WARNINGS. See online help for details.
E:\1\Jupiter_Ent\Engine\sdk\inc\ltbasedefs.h(184,2): warning C4996: 'wcsncpy': This function or variable may be unsafe. Consider using wcsncpy_s instead. To disable deprecation, use _CRT_SECURE_NO_WARNINGS. See online help for details.
E:\1\Jupiter_Ent\Engine\sdk\inc\ltbasedefs.h(207,3): warning C4996: 'strcpy': This function or variable may be unsafe. Consider using strcpy_s instead. To disable deprecation, use _CRT_SECURE_NO_WARNINGS. See online help for details.
E:\1\Jupiter_Ent\Engine\sdk\inc\ltbasedefs.h(230,3): warning C4996: 'wcscpy': This function or variable may be unsafe. Consider using wcscpy_s instead. To disable deprecation, use _CRT_SECURE_NO_WARNINGS. See online help for details.
E:\1\Jupiter_Ent\Engine\sdk\inc\ltbasedefs.h(259,2): warning C4996: 'strncpy': This function or variable may be unsafe. Consider using strncpy_s instead. To disable deprecation, use _CRT_SECURE_NO_WARNINGS. See online help for details.
E:\1\Jupiter_Ent\Engine\sdk\inc\ltbasedefs.h(282,2): warning C4996: 'strncat': This function or variable may be unsafe. Consider using strncat_s instead. To disable deprecation, use _CRT_SECURE_NO_WARNINGS. See online help for details.
E:\1\Jupiter_Ent\Engine\sdk\inc\ltbasedefs.h(310,2): warning C4996: 'wcsncat': This function or variable may be unsafe. Consider using wcsncat_s instead. To disable deprecation, use _CRT_SECURE_NO_WARNINGS. See online help for details.
E:\1\Jupiter_Ent\Engine\sdk\inc\ltbasedefs.h(335,2): warning C4996: 'strncat': This function or variable may be unsafe. Consider using strncat_s instead. To disable deprecation, use _CRT_SECURE_NO_WARNINGS. See online help for details.
E:\1\Jupiter_Ent\Engine\sdk\inc\ltbasedefs.h(403,3): warning C4996: '_vsnprintf': This function or variable may be unsafe. Consider using _vsnprintf_s instead. To disable deprecation, use _CRT_SECURE_NO_WARNINGS. See online help for details.
E:\1\Jupiter_Ent\Engine\sdk\inc\ltrenderstyle.h(949,172): warning C4996: 'strcpy': This function or variable may be unsafe. Consider using strcpy_s instead. To disable deprecation, use _CRT_SECURE_NO_WARNINGS. See online help for details.
E:\1\Jupiter_Ent\Samples\networking\sealhunter - 副本 - 副本\sshell\src\serverinterfaces.cpp(31,1): warning C4838: 从“unsigned int”转换到“int32”需要收缩转换
E:\1\Jupiter_Ent\Samples\networking\sealhunter - 副本 - 副本\sshell\src\serverinterfaces.cpp(32,1): warning C4838: 从“unsigned int”转换到“int32”需要收缩转换
E:\1\Jupiter_Ent\Samples\networking\sealhunter - 副本 - 副本\sshell\src\serverinterfaces.cpp(33,1): warning C4838: 从“unsigned int”转换到“int32”需要收缩转换
E:\1\Jupiter_Ent\Samples\networking\sealhunter - 副本 - 副本\sshell\src\serverinterfaces.cpp(34,1): warning C4838: 从“unsigned int”转换到“int32”需要收缩转换
  ServerSpecialFX.cpp
E:\1\Jupiter_Ent\Engine\sdk\inc\ltbasedefs.h(154,2): warning C4996: 'strncpy': This function or variable may be unsafe. Consider using strncpy_s instead. To disable deprecation, use _CRT_SECURE_NO_WARNINGS. See online help for details.
E:\1\Jupiter_Ent\Engine\sdk\inc\ltbasedefs.h(184,2): warning C4996: 'wcsncpy': This function or variable may be unsafe. Consider using wcsncpy_s instead. To disable deprecation, use _CRT_SECURE_NO_WARNINGS. See online help for details.
E:\1\Jupiter_Ent\Engine\sdk\inc\ltbasedefs.h(207,3): warning C4996: 'strcpy': This function or variable may be unsafe. Consider using strcpy_s instead. To disable deprecation, use _CRT_SECURE_NO_WARNINGS. See online help for details.
E:\1\Jupiter_Ent\Engine\sdk\inc\ltbasedefs.h(230,3): warning C4996: 'wcscpy': This function or variable may be unsafe. Consider using wcscpy_s instead. To disable deprecation, use _CRT_SECURE_NO_WARNINGS. See online help for details.
E:\1\Jupiter_Ent\Engine\sdk\inc\ltbasedefs.h(259,2): warning C4996: 'strncpy': This function or variable may be unsafe. Consider using strncpy_s instead. To disable deprecation, use _CRT_SECURE_NO_WARNINGS. See online help for details.
E:\1\Jupiter_Ent\Engine\sdk\inc\ltbasedefs.h(282,2): warning C4996: 'strncat': This function or variable may be unsafe. Consider using strncat_s instead. To disable deprecation, use _CRT_SECURE_NO_WARNINGS. See online help for details.
E:\1\Jupiter_Ent\Engine\sdk\inc\ltbasedefs.h(310,2): warning C4996: 'wcsncat': This function or variable may be unsafe. Consider using wcsncat_s instead. To disable deprecation, use _CRT_SECURE_NO_WARNINGS. See online help for details.
E:\1\Jupiter_Ent\Engine\sdk\inc\ltbasedefs.h(335,2): warning C4996: 'strncat': This function or variable may be unsafe. Consider using strncat_s instead. To disable deprecation, use _CRT_SECURE_NO_WARNINGS. See online help for details.
E:\1\Jupiter_Ent\Engine\sdk\inc\ltbasedefs.h(403,3): warning C4996: '_vsnprintf': This function or variable may be unsafe. Consider using _vsnprintf_s instead. To disable deprecation, use _CRT_SECURE_NO_WARNINGS. See online help for details.
E:\1\Jupiter_Ent\Engine\clientfx\Shared\FXProp.h(49,13): warning C4996: 'strcpy': This function or variable may be unsafe. Consider using strcpy_s instead. To disable deprecation, use _CRT_SECURE_NO_WARNINGS. See online help for details.
E:\1\Jupiter_Ent\Engine\clientfx\Shared\FXProp.h(56,13): warning C4996: 'strcpy': This function or variable may be unsafe. Consider using strcpy_s instead. To disable deprecation, use _CRT_SECURE_NO_WARNINGS. See online help for details.
E:\1\Jupiter_Ent\Engine\clientfx\Shared\FXProp.h(63,13): warning C4996: 'strcpy': This function or variable may be unsafe. Consider using strcpy_s instead. To disable deprecation, use _CRT_SECURE_NO_WARNINGS. See online help for details.
E:\1\Jupiter_Ent\Engine\clientfx\Shared\FXProp.h(70,13): warning C4996: 'strcpy': This function or variable may be unsafe. Consider using strcpy_s instead. To disable deprecation, use _CRT_SECURE_NO_WARNINGS. See online help for details.
E:\1\Jupiter_Ent\Engine\clientfx\Shared\FXProp.h(72,13): warning C4996: 'strcpy': This function or variable may be unsafe. Consider using strcpy_s instead. To disable deprecation, use _CRT_SECURE_NO_WARNINGS. See online help for details.
E:\1\Jupiter_Ent\Engine\clientfx\Shared\FXProp.h(77,13): warning C4996: 'strcpy': This function or variable may be unsafe. Consider using strcpy_s instead. To disable deprecation, use _CRT_SECURE_NO_WARNINGS. See online help for details.
E:\1\Jupiter_Ent\Engine\clientfx\Shared\FXProp.h(79,13): warning C4996: 'strcpy': This function or variable may be unsafe. Consider using strcpy_s instead. To disable deprecation, use _CRT_SECURE_NO_WARNINGS. See online help for details.
E:\1\Jupiter_Ent\Engine\clientfx\Shared\FXProp.h(84,13): warning C4996: 'strcpy': This function or variable may be unsafe. Consider using strcpy_s instead. To disable deprecation, use _CRT_SECURE_NO_WARNINGS. See online help for details.
E:\1\Jupiter_Ent\Engine\clientfx\Shared\FXProp.h(93,13): warning C4996: 'strcpy': This function or variable may be unsafe. Consider using strcpy_s instead. To disable deprecation, use _CRT_SECURE_NO_WARNINGS. See online help for details.
E:\1\Jupiter_Ent\Engine\clientfx\Shared\FXProp.h(103,13): warning C4996: 'strcpy': This function or variable may be unsafe. Consider using strcpy_s instead. To disable deprecation, use _CRT_SECURE_NO_WARNINGS. See online help for details.
E:\1\Jupiter_Ent\Engine\clientfx\Shared\FXProp.h(111,13): warning C4996: 'strcpy': This function or variable may be unsafe. Consider using strcpy_s instead. To disable deprecation, use _CRT_SECURE_NO_WARNINGS. See online help for details.
E:\1\Jupiter_Ent\Engine\clientfx\Shared\FXProp.h(113,13): warning C4996: 'strcpy': This function or variable may be unsafe. Consider using strcpy_s instead. To disable deprecation, use _CRT_SECURE_NO_WARNINGS. See online help for details.
E:\1\Jupiter_Ent\Engine\clientfx\Shared\FXProp.h(131,26): warning C4996: 'strtok': This function or variable may be unsafe. Consider using strtok_s instead. To disable deprecation, use _CRT_SECURE_NO_WARNINGS. See online help for details.
E:\1\Jupiter_Ent\Engine\clientfx\Shared\FXProp.h(150,14): warning C4996: 'strcpy': This function or variable may be unsafe. Consider using strcpy_s instead. To disable deprecation, use _CRT_SECURE_NO_WARNINGS. See online help for details.
E:\1\Jupiter_Ent\Engine\clientfx\Shared\FXProp.h(146,27): warning C4996: 'strtok': This function or variable may be unsafe. Consider using strtok_s instead. To disable deprecation, use _CRT_SECURE_NO_WARNINGS. See online help for details.
E:\1\Jupiter_Ent\Engine\clientfx\Shared\FXProp.h(147,27): warning C4996: 'strtok': This function or variable may be unsafe. Consider using strtok_s instead. To disable deprecation, use _CRT_SECURE_NO_WARNINGS. See online help for details.
E:\1\Jupiter_Ent\Engine\clientfx\Shared\FXProp.h(149,26): warning C4996: 'stricmp': The POSIX name for this item is deprecated. Instead, use the ISO C and C++ conformant name: _stricmp. See online help for details.
E:\1\Jupiter_Ent\Engine\clientfx\Shared\FXProp.h(156,13): warning C4996: 'strcpy': This function or variable may be unsafe. Consider using strcpy_s instead. To disable deprecation, use _CRT_SECURE_NO_WARNINGS. See online help for details.
E:\1\Jupiter_Ent\Engine\clientfx\Shared\ParsedMsg.h(38,94): warning C4996: 'stricmp': The POSIX name for this item is deprecated. Instead, use the ISO C and C++ conformant name: _stricmp. See online help for details.
E:\1\Jupiter_Ent\Engine\clientfx\Shared\ParsedMsg.h(39,94): warning C4996: 'stricmp': The POSIX name for this item is deprecated. Instead, use the ISO C and C++ conformant name: _stricmp. See online help for details.
E:\1\Jupiter_Ent\Engine\sdk\inc\ltproperty.h(81,3): warning C4996: 'sprintf': This function or variable may be unsafe. Consider using sprintf_s instead. To disable deprecation, use _CRT_SECURE_NO_WARNINGS. See online help for details.
E:\1\Jupiter_Ent\Engine\sdk\inc\ltproperty.h(88,3): warning C4996: 'sscanf': This function or variable may be unsafe. Consider using sscanf_s instead. To disable deprecation, use _CRT_SECURE_NO_WARNINGS. See online help for details.
E:\1\Jupiter_Ent\Engine\sdk\inc\ltproperty.h(103,3): warning C4996: 'sprintf': This function or variable may be unsafe. Consider using sprintf_s instead. To disable deprecation, use _CRT_SECURE_NO_WARNINGS. See online help for details.
E:\1\Jupiter_Ent\Engine\sdk\inc\ltproperty.h(110,3): warning C4996: 'sprintf': This function or variable may be unsafe. Consider using sprintf_s instead. To disable deprecation, use _CRT_SECURE_NO_WARNINGS. See online help for details.
E:\1\Jupiter_Ent\Engine\sdk\inc\ltproperty.h(391,12): warning C4996: 'stricmp': The POSIX name for this item is deprecated. Instead, use the ISO C and C++ conformant name: _stricmp. See online help for details.
E:\1\Jupiter_Ent\Engine\sdk\inc\ltproperty.h(468,20): warning C4996: 'stricmp': The POSIX name for this item is deprecated. Instead, use the ISO C and C++ conformant name: _stricmp. See online help for details.
E:\1\Jupiter_Ent\Samples\networking\sealhunter - 副本 - 副本\sshell\src\ServerSpecialFX.cpp(469,7): warning C4996: 'stricmp': The POSIX name for this item is deprecated. Instead, use the ISO C and C++ conformant name: _stricmp. See online help for details.
E:\1\Jupiter_Ent\Samples\networking\sealhunter - 副本 - 副本\sshell\src\ServerSpecialFX.cpp(497,2): warning C4996: 'strcpy': This function or variable may be unsafe. Consider using strcpy_s instead. To disable deprecation, use _CRT_SECURE_NO_WARNINGS. See online help for details.
E:\1\Jupiter_Ent\Samples\networking\sealhunter - 副本 - 副本\sshell\src\ServerSpecialFX.cpp(509,3): warning C4996: 'strcpy': This function or variable may be unsafe. Consider using strcpy_s instead. To disable deprecation, use _CRT_SECURE_NO_WARNINGS. See online help for details.
E:\1\Jupiter_Ent\Samples\networking\sealhunter - 副本 - 副本\sshell\src\ServerSpecialFX.cpp(504,2): warning C4996: 'sprintf': This function or variable may be unsafe. Consider using sprintf_s instead. To disable deprecation, use _CRT_SECURE_NO_WARNINGS. See online help for details.
E:\1\Jupiter_Ent\Samples\networking\sealhunter - 副本 - 副本\sshell\src\ServerSpecialFX.cpp(513,2): warning C4996: 'sprintf': This function or variable may be unsafe. Consider using sprintf_s instead. To disable deprecation, use _CRT_SECURE_NO_WARNINGS. See online help for details.
E:\1\Jupiter_Ent\Samples\networking\sealhunter - 副本 - 副本\sshell\src\ServerSpecialFX.cpp(522,3): warning C4996: 'sprintf': This function or variable may be unsafe. Consider using sprintf_s instead. To disable deprecation, use _CRT_SECURE_NO_WARNINGS. See online help for details.
E:\1\Jupiter_Ent\Samples\networking\sealhunter - 副本 - 副本\sshell\src\ServerSpecialFX.cpp(646,5): warning C4996: 'strcpy': This function or variable may be unsafe. Consider using strcpy_s instead. To disable deprecation, use _CRT_SECURE_NO_WARNINGS. See online help for details.
E:\1\Jupiter_Ent\Samples\networking\sealhunter - 副本 - 副本\sshell\src\ServerSpecialFX.cpp(732,5): warning C4996: 'strcpy': This function or variable may be unsafe. Consider using strcpy_s instead. To disable deprecation, use _CRT_SECURE_NO_WARNINGS. See online help for details.
E:\1\Jupiter_Ent\Samples\networking\sealhunter - 副本 - 副本\sshell\src\ServerSpecialFX.cpp(555,18): warning C4996: 'fopen': This function or variable may be unsafe. Consider using fopen_s instead. To disable deprecation, use _CRT_SECURE_NO_WARNINGS. See online help for details.
E:\1\Jupiter_Ent\Samples\networking\sealhunter - 副本 - 副本\sshell\src\ServerSpecialFX.cpp(570,13): warning C4996: 'fopen': This function or variable may be unsafe. Consider using fopen_s instead. To disable deprecation, use _CRT_SECURE_NO_WARNINGS. See online help for details.
E:\1\Jupiter_Ent\Samples\networking\sealhunter - 副本 - 副本\sshell\src\ServerSpecialFX.cpp(579,3): warning C4996: 'fscanf': This function or variable may be unsafe. Consider using fscanf_s instead. To disable deprecation, use _CRT_SECURE_NO_WARNINGS. See online help for details.
E:\1\Jupiter_Ent\Samples\networking\sealhunter - 副本 - 副本\sshell\src\ServerSpecialFX.cpp(589,3): warning C4996: 'fscanf': This function or variable may be unsafe. Consider using fscanf_s instead. To disable deprecation, use _CRT_SECURE_NO_WARNINGS. See online help for details.
E:\1\Jupiter_Ent\Samples\networking\sealhunter - 副本 - 副本\sshell\src\ServerSpecialFX.cpp(598,3): warning C4996: 'fscanf': This function or variable may be unsafe. Consider using fscanf_s instead. To disable deprecation, use _CRT_SECURE_NO_WARNINGS. See online help for details.
E:\1\Jupiter_Ent\Samples\networking\sealhunter - 副本 - 副本\sshell\src\ServerSpecialFX.cpp(599,3): warning C4996: 'fscanf': This function or variable may be unsafe. Consider using fscanf_s instead. To disable deprecation, use _CRT_SECURE_NO_WARNINGS. See online help for details.
E:\1\Jupiter_Ent\Samples\networking\sealhunter - 副本 - 副本\sshell\src\ServerSpecialFX.cpp(604,3): warning C4996: 'fscanf': This function or variable may be unsafe. Consider using fscanf_s instead. To disable deprecation, use _CRT_SECURE_NO_WARNINGS. See online help for details.
E:\1\Jupiter_Ent\Samples\networking\sealhunter - 副本 - 副本\sshell\src\ServerSpecialFX.cpp(609,3): warning C4996: 'fscanf': This function or variable may be unsafe. Consider using fscanf_s instead. To disable deprecation, use _CRT_SECURE_NO_WARNINGS. See online help for details.
E:\1\Jupiter_Ent\Samples\networking\sealhunter - 副本 - 副本\sshell\src\ServerSpecialFX.cpp(618,4): warning C4996: 'fscanf': This function or variable may be unsafe. Consider using fscanf_s instead. To disable deprecation, use _CRT_SECURE_NO_WARNINGS. See online help for details.
E:\1\Jupiter_Ent\Samples\networking\sealhunter - 副本 - 副本\sshell\src\ServerSpecialFX.cpp(632,5): warning C4996: 'fscanf': This function or variable may be unsafe. Consider using fscanf_s instead. To disable deprecation, use _CRT_SECURE_NO_WARNINGS. See online help for details.
E:\1\Jupiter_Ent\Samples\networking\sealhunter - 副本 - 副本\sshell\src\ServerSpecialFX.cpp(649,5): warning C4996: 'fscanf': This function or variable may be unsafe. Consider using fscanf_s instead. To disable deprecation, use _CRT_SECURE_NO_WARNINGS. See online help for details.
E:\1\Jupiter_Ent\Samples\networking\sealhunter - 副本 - 副本\sshell\src\ServerSpecialFX.cpp(650,5): warning C4996: 'fscanf': This function or variable may be unsafe. Consider using fscanf_s instead. To disable deprecation, use _CRT_SECURE_NO_WARNINGS. See online help for details.
E:\1\Jupiter_Ent\Samples\networking\sealhunter - 副本 - 副本\sshell\src\ServerSpecialFX.cpp(651,5): warning C4996: 'fscanf': This function or variable may be unsafe. Consider using fscanf_s instead. To disable deprecation, use _CRT_SECURE_NO_WARNINGS. See online help for details.
E:\1\Jupiter_Ent\Samples\networking\sealhunter - 副本 - 副本\sshell\src\ServerSpecialFX.cpp(652,5): warning C4996: 'fscanf': This function or variable may be unsafe. Consider using fscanf_s instead. To disable deprecation, use _CRT_SECURE_NO_WARNINGS. See online help for details.
E:\1\Jupiter_Ent\Samples\networking\sealhunter - 副本 - 副本\sshell\src\ServerSpecialFX.cpp(660,13): warning C4996: 'fopen': This function or variable may be unsafe. Consider using fopen_s instead. To disable deprecation, use _CRT_SECURE_NO_WARNINGS. See online help for details.
  serverutilities.cpp
E:\1\Jupiter_Ent\Engine\sdk\inc\ltbasedefs.h(154,2): warning C4996: 'strncpy': This function or variable may be unsafe. Consider using strncpy_s instead. To disable deprecation, use _CRT_SECURE_NO_WARNINGS. See online help for details.
E:\1\Jupiter_Ent\Engine\sdk\inc\ltbasedefs.h(184,2): warning C4996: 'wcsncpy': This function or variable may be unsafe. Consider using wcsncpy_s instead. To disable deprecation, use _CRT_SECURE_NO_WARNINGS. See online help for details.
E:\1\Jupiter_Ent\Engine\sdk\inc\ltbasedefs.h(207,3): warning C4996: 'strcpy': This function or variable may be unsafe. Consider using strcpy_s instead. To disable deprecation, use _CRT_SECURE_NO_WARNINGS. See online help for details.
E:\1\Jupiter_Ent\Engine\sdk\inc\ltbasedefs.h(230,3): warning C4996: 'wcscpy': This function or variable may be unsafe. Consider using wcscpy_s instead. To disable deprecation, use _CRT_SECURE_NO_WARNINGS. See online help for details.
E:\1\Jupiter_Ent\Engine\sdk\inc\ltbasedefs.h(259,2): warning C4996: 'strncpy': This function or variable may be unsafe. Consider using strncpy_s instead. To disable deprecation, use _CRT_SECURE_NO_WARNINGS. See online help for details.
E:\1\Jupiter_Ent\Engine\sdk\inc\ltbasedefs.h(282,2): warning C4996: 'strncat': This function or variable may be unsafe. Consider using strncat_s instead. To disable deprecation, use _CRT_SECURE_NO_WARNINGS. See online help for details.
E:\1\Jupiter_Ent\Engine\sdk\inc\ltbasedefs.h(310,2): warning C4996: 'wcsncat': This function or variable may be unsafe. Consider using wcsncat_s instead. To disable deprecation, use _CRT_SECURE_NO_WARNINGS. See online help for details.
E:\1\Jupiter_Ent\Engine\sdk\inc\ltbasedefs.h(335,2): warning C4996: 'strncat': This function or variable may be unsafe. Consider using strncat_s instead. To disable deprecation, use _CRT_SECURE_NO_WARNINGS. See online help for details.
E:\1\Jupiter_Ent\Engine\sdk\inc\ltbasedefs.h(403,3): warning C4996: '_vsnprintf': This function or variable may be unsafe. Consider using _vsnprintf_s instead. To disable deprecation, use _CRT_SECURE_NO_WARNINGS. See online help for details.
  snowman.cpp
E:\1\Jupiter_Ent\Engine\sdk\inc\ltbasedefs.h(154,2): warning C4996: 'strncpy': This function or variable may be unsafe. Consider using strncpy_s instead. To disable deprecation, use _CRT_SECURE_NO_WARNINGS. See online help for details.
E:\1\Jupiter_Ent\Engine\sdk\inc\ltbasedefs.h(184,2): warning C4996: 'wcsncpy': This function or variable may be unsafe. Consider using wcsncpy_s instead. To disable deprecation, use _CRT_SECURE_NO_WARNINGS. See online help for details.
E:\1\Jupiter_Ent\Engine\sdk\inc\ltbasedefs.h(207,3): warning C4996: 'strcpy': This function or variable may be unsafe. Consider using strcpy_s instead. To disable deprecation, use _CRT_SECURE_NO_WARNINGS. See online help for details.
E:\1\Jupiter_Ent\Engine\sdk\inc\ltbasedefs.h(230,3): warning C4996: 'wcscpy': This function or variable may be unsafe. Consider using wcscpy_s instead. To disable deprecation, use _CRT_SECURE_NO_WARNINGS. See online help for details.
E:\1\Jupiter_Ent\Engine\sdk\inc\ltbasedefs.h(259,2): warning C4996: 'strncpy': This function or variable may be unsafe. Consider using strncpy_s instead. To disable deprecation, use _CRT_SECURE_NO_WARNINGS. See online help for details.
E:\1\Jupiter_Ent\Engine\sdk\inc\ltbasedefs.h(282,2): warning C4996: 'strncat': This function or variable may be unsafe. Consider using strncat_s instead. To disable deprecation, use _CRT_SECURE_NO_WARNINGS. See online help for details.
E:\1\Jupiter_Ent\Engine\sdk\inc\ltbasedefs.h(310,2): warning C4996: 'wcsncat': This function or variable may be unsafe. Consider using wcsncat_s instead. To disable deprecation, use _CRT_SECURE_NO_WARNINGS. See online help for details.
E:\1\Jupiter_Ent\Engine\sdk\inc\ltbasedefs.h(335,2): warning C4996: 'strncat': This function or variable may be unsafe. Consider using strncat_s instead. To disable deprecation, use _CRT_SECURE_NO_WARNINGS. See online help for details.
E:\1\Jupiter_Ent\Engine\sdk\inc\ltbasedefs.h(403,3): warning C4996: '_vsnprintf': This function or variable may be unsafe. Consider using _vsnprintf_s instead. To disable deprecation, use _CRT_SECURE_NO_WARNINGS. See online help for details.
E:\1\Jupiter_Ent\Engine\sdk\inc\ltproperty.h(81,3): warning C4996: 'sprintf': This function or variable may be unsafe. Consider using sprintf_s instead. To disable deprecation, use _CRT_SECURE_NO_WARNINGS. See online help for details.
E:\1\Jupiter_Ent\Engine\sdk\inc\ltproperty.h(88,3): warning C4996: 'sscanf': This function or variable may be unsafe. Consider using sscanf_s instead. To disable deprecation, use _CRT_SECURE_NO_WARNINGS. See online help for details.
E:\1\Jupiter_Ent\Engine\sdk\inc\ltproperty.h(103,3): warning C4996: 'sprintf': This function or variable may be unsafe. Consider using sprintf_s instead. To disable deprecation, use _CRT_SECURE_NO_WARNINGS. See online help for details.
E:\1\Jupiter_Ent\Engine\sdk\inc\ltproperty.h(110,3): warning C4996: 'sprintf': This function or variable may be unsafe. Consider using sprintf_s instead. To disable deprecation, use _CRT_SECURE_NO_WARNINGS. See online help for details.
E:\1\Jupiter_Ent\Engine\sdk\inc\ltproperty.h(391,12): warning C4996: 'stricmp': The POSIX name for this item is deprecated. Instead, use the ISO C and C++ conformant name: _stricmp. See online help for details.
E:\1\Jupiter_Ent\Engine\sdk\inc\ltproperty.h(468,20): warning C4996: 'stricmp': The POSIX name for this item is deprecated. Instead, use the ISO C and C++ conformant name: _stricmp. See online help for details.
E:\1\Jupiter_Ent\Engine\sdk\inc\ltrenderstyle.h(949,172): warning C4996: 'strcpy': This function or variable may be unsafe. Consider using strcpy_s instead. To disable deprecation, use _CRT_SECURE_NO_WARNINGS. See online help for details.
E:\1\Jupiter_Ent\Samples\networking\sealhunter - 副本 - 副本\sshell\src\snowman.cpp(100,4): warning C4996: 'sprintf': This function or variable may be unsafe. Consider using sprintf_s instead. To disable deprecation, use _CRT_SECURE_NO_WARNINGS. See online help for details.
E:\1\Jupiter_Ent\Samples\networking\sealhunter - 副本 - 副本\sshell\src\snowman.cpp(195,5): warning C4996: 'sprintf': This function or variable may be unsafe. Consider using sprintf_s instead. To disable deprecation, use _CRT_SECURE_NO_WARNINGS. See online help for details.
E:\1\Jupiter_Ent\Samples\networking\sealhunter - 副本 - 副本\sshell\src\snowman.cpp(196,5): warning C4996: 'sprintf': This function or variable may be unsafe. Consider using sprintf_s instead. To disable deprecation, use _CRT_SECURE_NO_WARNINGS. See online help for details.
E:\1\Jupiter_Ent\Samples\networking\sealhunter - 副本 - 副本\sshell\src\snowman.cpp(358,5): warning C4996: 'sprintf': This function or variable may be unsafe. Consider using sprintf_s instead. To disable deprecation, use _CRT_SECURE_NO_WARNINGS. See online help for details.
  statsmanager.cpp
E:\1\Jupiter_Ent\Engine\sdk\inc\ltbasedefs.h(154,2): warning C4996: 'strncpy': This function or variable may be unsafe. Consider using strncpy_s instead. To disable deprecation, use _CRT_SECURE_NO_WARNINGS. See online help for details.
E:\1\Jupiter_Ent\Engine\sdk\inc\ltbasedefs.h(184,2): warning C4996: 'wcsncpy': This function or variable may be unsafe. Consider using wcsncpy_s instead. To disable deprecation, use _CRT_SECURE_NO_WARNINGS. See online help for details.
E:\1\Jupiter_Ent\Engine\sdk\inc\ltbasedefs.h(207,3): warning C4996: 'strcpy': This function or variable may be unsafe. Consider using strcpy_s instead. To disable deprecation, use _CRT_SECURE_NO_WARNINGS. See online help for details.
E:\1\Jupiter_Ent\Engine\sdk\inc\ltbasedefs.h(230,3): warning C4996: 'wcscpy': This function or variable may be unsafe. Consider using wcscpy_s instead. To disable deprecation, use _CRT_SECURE_NO_WARNINGS. See online help for details.
E:\1\Jupiter_Ent\Engine\sdk\inc\ltbasedefs.h(259,2): warning C4996: 'strncpy': This function or variable may be unsafe. Consider using strncpy_s instead. To disable deprecation, use _CRT_SECURE_NO_WARNINGS. See online help for details.
E:\1\Jupiter_Ent\Engine\sdk\inc\ltbasedefs.h(282,2): warning C4996: 'strncat': This function or variable may be unsafe. Consider using strncat_s instead. To disable deprecation, use _CRT_SECURE_NO_WARNINGS. See online help for details.
E:\1\Jupiter_Ent\Engine\sdk\inc\ltbasedefs.h(310,2): warning C4996: 'wcsncat': This function or variable may be unsafe. Consider using wcsncat_s instead. To disable deprecation, use _CRT_SECURE_NO_WARNINGS. See online help for details.
E:\1\Jupiter_Ent\Engine\sdk\inc\ltbasedefs.h(335,2): warning C4996: 'strncat': This function or variable may be unsafe. Consider using strncat_s instead. To disable deprecation, use _CRT_SECURE_NO_WARNINGS. See online help for details.
E:\1\Jupiter_Ent\Engine\sdk\inc\ltbasedefs.h(403,3): warning C4996: '_vsnprintf': This function or variable may be unsafe. Consider using _vsnprintf_s instead. To disable deprecation, use _CRT_SECURE_NO_WARNINGS. See online help for details.
E:\1\Jupiter_Ent\Samples\networking\sealhunter - 副本 - 副本\sshell\src\statsmanager.cpp(88,9): warning C4996: 'sprintf': This function or variable may be unsafe. Consider using sprintf_s instead. To disable deprecation, use _CRT_SECURE_NO_WARNINGS. See online help for details.
  TransWorldmodel.cpp
E:\1\Jupiter_Ent\Engine\sdk\inc\ltbasedefs.h(154,2): warning C4996: 'strncpy': This function or variable may be unsafe. Consider using strncpy_s instead. To disable deprecation, use _CRT_SECURE_NO_WARNINGS. See online help for details.
E:\1\Jupiter_Ent\Engine\sdk\inc\ltbasedefs.h(184,2): warning C4996: 'wcsncpy': This function or variable may be unsafe. Consider using wcsncpy_s instead. To disable deprecation, use _CRT_SECURE_NO_WARNINGS. See online help for details.
E:\1\Jupiter_Ent\Engine\sdk\inc\ltbasedefs.h(207,3): warning C4996: 'strcpy': This function or variable may be unsafe. Consider using strcpy_s instead. To disable deprecation, use _CRT_SECURE_NO_WARNINGS. See online help for details.
E:\1\Jupiter_Ent\Engine\sdk\inc\ltbasedefs.h(230,3): warning C4996: 'wcscpy': This function or variable may be unsafe. Consider using wcscpy_s instead. To disable deprecation, use _CRT_SECURE_NO_WARNINGS. See online help for details.
E:\1\Jupiter_Ent\Engine\sdk\inc\ltbasedefs.h(259,2): warning C4996: 'strncpy': This function or variable may be unsafe. Consider using strncpy_s instead. To disable deprecation, use _CRT_SECURE_NO_WARNINGS. See online help for details.
E:\1\Jupiter_Ent\Engine\sdk\inc\ltbasedefs.h(282,2): warning C4996: 'strncat': This function or variable may be unsafe. Consider using strncat_s instead. To disable deprecation, use _CRT_SECURE_NO_WARNINGS. See online help for details.
E:\1\Jupiter_Ent\Engine\sdk\inc\ltbasedefs.h(310,2): warning C4996: 'wcsncat': This function or variable may be unsafe. Consider using wcsncat_s instead. To disable deprecation, use _CRT_SECURE_NO_WARNINGS. See online help for details.
E:\1\Jupiter_Ent\Engine\sdk\inc\ltbasedefs.h(335,2): warning C4996: 'strncat': This function or variable may be unsafe. Consider using strncat_s instead. To disable deprecation, use _CRT_SECURE_NO_WARNINGS. See online help for details.
E:\1\Jupiter_Ent\Engine\sdk\inc\ltbasedefs.h(403,3): warning C4996: '_vsnprintf': This function or variable may be unsafe. Consider using _vsnprintf_s instead. To disable deprecation, use _CRT_SECURE_NO_WARNINGS. See online help for details.
E:\1\Jupiter_Ent\Engine\sdk\inc\ltproperty.h(81,3): warning C4996: 'sprintf': This function or variable may be unsafe. Consider using sprintf_s instead. To disable deprecation, use _CRT_SECURE_NO_WARNINGS. See online help for details.
E:\1\Jupiter_Ent\Engine\sdk\inc\ltproperty.h(88,3): warning C4996: 'sscanf': This function or variable may be unsafe. Consider using sscanf_s instead. To disable deprecation, use _CRT_SECURE_NO_WARNINGS. See online help for details.
E:\1\Jupiter_Ent\Engine\sdk\inc\ltproperty.h(103,3): warning C4996: 'sprintf': This function or variable may be unsafe. Consider using sprintf_s instead. To disable deprecation, use _CRT_SECURE_NO_WARNINGS. See online help for details.
E:\1\Jupiter_Ent\Engine\sdk\inc\ltproperty.h(110,3): warning C4996: 'sprintf': This function or variable may be unsafe. Consider using sprintf_s instead. To disable deprecation, use _CRT_SECURE_NO_WARNINGS. See online help for details.
E:\1\Jupiter_Ent\Engine\sdk\inc\ltproperty.h(391,12): warning C4996: 'stricmp': The POSIX name for this item is deprecated. Instead, use the ISO C and C++ conformant name: _stricmp. See online help for details.
E:\1\Jupiter_Ent\Engine\sdk\inc\ltproperty.h(468,20): warning C4996: 'stricmp': The POSIX name for this item is deprecated. Instead, use the ISO C and C++ conformant name: _stricmp. See online help for details.
  trigger.cpp
E:\1\Jupiter_Ent\Engine\sdk\inc\ltbasedefs.h(154,2): warning C4996: 'strncpy': This function or variable may be unsafe. Consider using strncpy_s instead. To disable deprecation, use _CRT_SECURE_NO_WARNINGS. See online help for details.
E:\1\Jupiter_Ent\Engine\sdk\inc\ltbasedefs.h(184,2): warning C4996: 'wcsncpy': This function or variable may be unsafe. Consider using wcsncpy_s instead. To disable deprecation, use _CRT_SECURE_NO_WARNINGS. See online help for details.
E:\1\Jupiter_Ent\Engine\sdk\inc\ltbasedefs.h(207,3): warning C4996: 'strcpy': This function or variable may be unsafe. Consider using strcpy_s instead. To disable deprecation, use _CRT_SECURE_NO_WARNINGS. See online help for details.
E:\1\Jupiter_Ent\Engine\sdk\inc\ltbasedefs.h(230,3): warning C4996: 'wcscpy': This function or variable may be unsafe. Consider using wcscpy_s instead. To disable deprecation, use _CRT_SECURE_NO_WARNINGS. See online help for details.
E:\1\Jupiter_Ent\Engine\sdk\inc\ltbasedefs.h(259,2): warning C4996: 'strncpy': This function or variable may be unsafe. Consider using strncpy_s instead. To disable deprecation, use _CRT_SECURE_NO_WARNINGS. See online help for details.
E:\1\Jupiter_Ent\Engine\sdk\inc\ltbasedefs.h(282,2): warning C4996: 'strncat': This function or variable may be unsafe. Consider using strncat_s instead. To disable deprecation, use _CRT_SECURE_NO_WARNINGS. See online help for details.
E:\1\Jupiter_Ent\Engine\sdk\inc\ltbasedefs.h(310,2): warning C4996: 'wcsncat': This function or variable may be unsafe. Consider using wcsncat_s instead. To disable deprecation, use _CRT_SECURE_NO_WARNINGS. See online help for details.
E:\1\Jupiter_Ent\Engine\sdk\inc\ltbasedefs.h(335,2): warning C4996: 'strncat': This function or variable may be unsafe. Consider using strncat_s instead. To disable deprecation, use _CRT_SECURE_NO_WARNINGS. See online help for details.
E:\1\Jupiter_Ent\Engine\sdk\inc\ltbasedefs.h(403,3): warning C4996: '_vsnprintf': This function or variable may be unsafe. Consider using _vsnprintf_s instead. To disable deprecation, use _CRT_SECURE_NO_WARNINGS. See online help for details.
E:\1\Jupiter_Ent\Engine\sdk\inc\ltproperty.h(81,3): warning C4996: 'sprintf': This function or variable may be unsafe. Consider using sprintf_s instead. To disable deprecation, use _CRT_SECURE_NO_WARNINGS. See online help for details.
E:\1\Jupiter_Ent\Engine\sdk\inc\ltproperty.h(88,3): warning C4996: 'sscanf': This function or variable may be unsafe. Consider using sscanf_s instead. To disable deprecation, use _CRT_SECURE_NO_WARNINGS. See online help for details.
E:\1\Jupiter_Ent\Engine\sdk\inc\ltproperty.h(103,3): warning C4996: 'sprintf': This function or variable may be unsafe. Consider using sprintf_s instead. To disable deprecation, use _CRT_SECURE_NO_WARNINGS. See online help for details.
E:\1\Jupiter_Ent\Engine\sdk\inc\ltproperty.h(110,3): warning C4996: 'sprintf': This function or variable may be unsafe. Consider using sprintf_s instead. To disable deprecation, use _CRT_SECURE_NO_WARNINGS. See online help for details.
E:\1\Jupiter_Ent\Engine\sdk\inc\ltproperty.h(391,12): warning C4996: 'stricmp': The POSIX name for this item is deprecated. Instead, use the ISO C and C++ conformant name: _stricmp. See online help for details.
E:\1\Jupiter_Ent\Engine\sdk\inc\ltproperty.h(468,20): warning C4996: 'stricmp': The POSIX name for this item is deprecated. Instead, use the ISO C and C++ conformant name: _stricmp. See online help for details.
  worldproperties.cpp
E:\1\Jupiter_Ent\Engine\sdk\inc\ltbasedefs.h(154,2): warning C4996: 'strncpy': This function or variable may be unsafe. Consider using strncpy_s instead. To disable deprecation, use _CRT_SECURE_NO_WARNINGS. See online help for details.
E:\1\Jupiter_Ent\Engine\sdk\inc\ltbasedefs.h(184,2): warning C4996: 'wcsncpy': This function or variable may be unsafe. Consider using wcsncpy_s instead. To disable deprecation, use _CRT_SECURE_NO_WARNINGS. See online help for details.
E:\1\Jupiter_Ent\Engine\sdk\inc\ltbasedefs.h(207,3): warning C4996: 'strcpy': This function or variable may be unsafe. Consider using strcpy_s instead. To disable deprecation, use _CRT_SECURE_NO_WARNINGS. See online help for details.
E:\1\Jupiter_Ent\Engine\sdk\inc\ltbasedefs.h(230,3): warning C4996: 'wcscpy': This function or variable may be unsafe. Consider using wcscpy_s instead. To disable deprecation, use _CRT_SECURE_NO_WARNINGS. See online help for details.
E:\1\Jupiter_Ent\Engine\sdk\inc\ltbasedefs.h(259,2): warning C4996: 'strncpy': This function or variable may be unsafe. Consider using strncpy_s instead. To disable deprecation, use _CRT_SECURE_NO_WARNINGS. See online help for details.
E:\1\Jupiter_Ent\Engine\sdk\inc\ltbasedefs.h(282,2): warning C4996: 'strncat': This function or variable may be unsafe. Consider using strncat_s instead. To disable deprecation, use _CRT_SECURE_NO_WARNINGS. See online help for details.
E:\1\Jupiter_Ent\Engine\sdk\inc\ltbasedefs.h(310,2): warning C4996: 'wcsncat': This function or variable may be unsafe. Consider using wcsncat_s instead. To disable deprecation, use _CRT_SECURE_NO_WARNINGS. See online help for details.
E:\1\Jupiter_Ent\Engine\sdk\inc\ltbasedefs.h(335,2): warning C4996: 'strncat': This function or variable may be unsafe. Consider using strncat_s instead. To disable deprecation, use _CRT_SECURE_NO_WARNINGS. See online help for details.
E:\1\Jupiter_Ent\Engine\sdk\inc\ltbasedefs.h(403,3): warning C4996: '_vsnprintf': This function or variable may be unsafe. Consider using _vsnprintf_s instead. To disable deprecation, use _CRT_SECURE_NO_WARNINGS. See online help for details.
E:\1\Jupiter_Ent\Engine\sdk\inc\ltproperty.h(81,3): warning C4996: 'sprintf': This function or variable may be unsafe. Consider using sprintf_s instead. To disable deprecation, use _CRT_SECURE_NO_WARNINGS. See online help for details.
E:\1\Jupiter_Ent\Engine\sdk\inc\ltproperty.h(88,3): warning C4996: 'sscanf': This function or variable may be unsafe. Consider using sscanf_s instead. To disable deprecation, use _CRT_SECURE_NO_WARNINGS. See online help for details.
E:\1\Jupiter_Ent\Engine\sdk\inc\ltproperty.h(103,3): warning C4996: 'sprintf': This function or variable may be unsafe. Consider using sprintf_s instead. To disable deprecation, use _CRT_SECURE_NO_WARNINGS. See online help for details.
E:\1\Jupiter_Ent\Engine\sdk\inc\ltproperty.h(110,3): warning C4996: 'sprintf': This function or variable may be unsafe. Consider using sprintf_s instead. To disable deprecation, use _CRT_SECURE_NO_WARNINGS. See online help for details.
E:\1\Jupiter_Ent\Engine\sdk\inc\ltproperty.h(391,12): warning C4996: 'stricmp': The POSIX name for this item is deprecated. Instead, use the ISO C and C++ conformant name: _stricmp. See online help for details.
E:\1\Jupiter_Ent\Engine\sdk\inc\ltproperty.h(468,20): warning C4996: 'stricmp': The POSIX name for this item is deprecated. Instead, use the ISO C and C++ conformant name: _stricmp. See online help for details.
  正在生成代码...
E:\VS2022\MSBuild\Microsoft\VC\v170\Microsoft.CppBuild.targets(1389,5): warning MSB8012: TargetPath(E:\1\Jupiter_Ent\Samples\networking\sealhunter - 副本 - 副本\sshell\obj\Release\object.dll) 与 Linker 的 OutputFile 属性值(E:\1\Jupiter_Ent\Samples\networking\sealhunter - 副本 - 副本\sshell\obj\Release\object.lto)不匹配。这可能导致项目生成不正确。若要更正此问题，请确保 $(OutDir)、$(TargetName) 和 $(TargetExt) 属性值与 %(Link.OutputFile) 中指定的值匹配。
E:\VS2022\MSBuild\Microsoft\VC\v170\Microsoft.CppBuild.targets(1390,5): warning MSB8012: TargetExt(.dll) 与 Linker 的 OutputFile 属性值(.lto)不匹配。这可能导致项目生成不正确。若要更正此问题，请确保 $(OutDir)、$(TargetName) 和 $(TargetExt) 属性值与 %(Link.OutputFile) 中指定的值匹配。
    正在创建库 .\..\obj\Release\object.lib 和对象 .\..\obj\Release\object.exp
  object.vcxproj -> E:\1\Jupiter_Ent\Samples\networking\sealhunter - 副本 - 副本\sshell\obj\Release\object.dll
  已复制         1 个文件。
